
		XSPEC version: 12.12.1
	Build Date/Time: Thu Nov 10 20:40:43 2022

XSPEC12> data ../default_output/00032646038/USERPROD_224850/spec/Obs_00032646038wt_chi2_grp.pi 
***Warning: Detected response matrix energy bin value = 0 (or neg).
     XSPEC will instead use small finite value (response file will not be altered).

1 spectrum  in use
 
Spectral Data File: ../default_output/00032646038/USERPROD_224850/spec/Obs_00032646038wt_chi2_grp.pi  Spectrum 1
Net count rate (cts/s) for Spectrum:1  3.004e+00 +/- 5.408e-02 (95.1 % total)
 Assigned to Data Group 1 and Plot Group 1
  Noticed Channels:  1-510
  Telescope: SWIFT Instrument: XRT  Channel Type: PI
  Exposure Time: 1121 sec
 Using fit statistic: chi
 Using Background File                ../default_output/00032646038/USERPROD_224850/spec/Obs_00032646038wtback.pi
  Background Exposure Time: 1121 sec
 Using Response (RMF) File            ../default_output/00032646038/USERPROD_224850/spec/Obs_00032646038wt.rmf for Source 1
 Using Auxiliary Response (ARF) File  ../default_output/00032646038/USERPROD_224850/spec/Obs_00032646038wt.arf

XSPEC12> ignore bad 

ignore:   378 channels ignored from  source number 1
XSPEC12> ignore **-0.3
    30 channels (1-30) ignored in spectrum #     1

XSPEC12> ignore 10.0-** 
    25 channels (486-510) ignored in spectrum #     1

XSPEC12> cpd /xw 
XSPEC12> setplot energy keV
XSPEC12> abund wilm 
 Solar Abundance Vector set to wilm:  Wilms, J., Allen, A. & McCray, R. ApJ 542 914 (2000) (abundances are set to zero for those elements not included in the paper).
XSPEC12> model tbabs(logpar) 

Input parameter value, delta, min, bot, top, and max values for ...
              1      0.001(      0.01)          0          0     100000      1e+06
1:TBabs:nH> 0.157 
            1.5       0.01(     0.015)          0          0          4          4
2:logpar:alpha> 
            0.2       0.01(     0.002)         -4         -4          4          4
3:logpar:beta>
              1
4:logpar:pivotE>
              1       0.01(      0.01)          0          0      1e+20      1e+24
5:logpar:norm>

========================================================================
Model TBabs<1>*logpar<2> Source No.: 1   Active/On
Model Model Component  Parameter  Unit     Value
 par  comp
   1    1   TBabs      nH         10^22    0.157000     +/-  0.0          
   2    2   logpar     alpha               1.50000      +/-  0.0          
   3    2   logpar     beta                0.200000     +/-  0.0          
   4    2   logpar     pivotE     (scale)  1.00000      
   5    2   logpar     norm                1.00000      +/-  0.0          
________________________________________________________________________


Fit statistic  : Chi-Squared              7.349340e+06     using 132 bins.

Test statistic : Chi-Squared              7.349340e+06     using 132 bins.
 Null hypothesis probability of 0.000000e+00 with 128 degrees of freedom
 Current data and model not fit yet.
XSPEC12> freeze 1

Fit statistic  : Chi-Squared              7.349340e+06     using 132 bins.

Test statistic : Chi-Squared              7.349340e+06     using 132 bins.
 Null hypothesis probability of 0.000000e+00 with 129 degrees of freedom
 Current data and model not fit yet.
XSPEC12> fit
                                   Parameters
Chi-Squared  |beta|/N    Lvl       2:alpha        3:beta        5:norm
217.953      232.198      -3       2.63606     -0.523632     0.0286098
143.45       2082.73      -4       2.34723     -0.104898     0.0282511
142.089      337.554      -5       2.30204    -0.0388724     0.0280168
142.087      6.83842      -6       2.30046    -0.0375199     0.0280068
========================================
 Variances and Principal Axes
                 2        3        5  
 2.5985E-07| -0.0073  -0.0051   1.0000  
 8.9569E-04|  0.9371   0.3489   0.0087  
 1.0189E-02| -0.3490   0.9371   0.0023  
----------------------------------------

====================================
  Covariance Matrix
        1           2           3   
   2.027e-03  -3.039e-03  -7.537e-07
  -3.039e-03   9.057e-03   2.427e-05
  -7.537e-07   2.427e-05   3.791e-07
------------------------------------

========================================================================
Model TBabs<1>*logpar<2> Source No.: 1   Active/On
Model Model Component  Parameter  Unit     Value
 par  comp
   1    1   TBabs      nH         10^22    0.157000     frozen
   2    2   logpar     alpha               2.30046      +/-  4.50269E-02  
   3    2   logpar     beta                -3.75199E-02 +/-  9.51689E-02  
   4    2   logpar     pivotE     (scale)  1.00000      
   5    2   logpar     norm                2.80068E-02  +/-  6.15715E-04  
________________________________________________________________________


Fit statistic  : Chi-Squared                  142.09     using 132 bins.

Test statistic : Chi-Squared                  142.09     using 132 bins.
 Null hypothesis probability of 2.03e-01 with 129 degrees of freedom
XSPEC12> save all ../default_output/00032646038/USERPROD_224850/spec/logpar_tbabs/fit 
../default_output/00032646038/USERPROD_224850/spec/logpar_tbabs/fit.xcm exists. Replace? (y/n) 
XSPEC12> error 1. 2-3 
 Parameter   Confidence Range (1)
     2      2.25444      2.34515    (-0.0459916,0.0447233)
     3    -0.129833     0.057562    (-0.0923641,0.0950311)
XSPEC12> error 1. 5 
 Parameter   Confidence Range (1)
     5    0.0273969    0.0286196    (-0.000609926,0.000612766)
XSPEC12> flux 2 10 err 
Parameter distribution is derived from fit covariance matrix.
 Model Flux 0.0077513 photons (4.7695e-11 ergs/cm^2/s) range (2.0000 - 10.000 keV)
     Error range  0.007489 - 0.008084    (4.563e-11 - 5.053e-11)  (68.00% confidence)
XSPEC12> set parFlux [tcloutr flux] 
4.769469331e-11 4.562943232e-11 5.052527535e-11  0.007751330307 0.007488951562 0.008084407749 
XSPEC12> set parAlpha [tcloutr param 2] 
2.30043 0.01 0 0 4 4
XSPEC12> set parAlphaErr [tcloutr error 2]
2.254440002 2.34515486  FFFFFFFFF
XSPEC12> set parBeta [tcloutr param 3]
-0.0374694 0.01 -4 -4 4 4
XSPEC12> set parBetaErr [tcloutr error 3]
-0.1298332405 0.05756204083  FFFFFFFFF
XSPEC12> set parPivotE [tcloutr param 4] 
1
XSPEC12> set parNorm [tcloutr param 5]
0.0280069 0.01 0 0 1e+20 1e+24
XSPEC12> set parNormErr [tcloutr error 5]
0.02739694244 0.02861963471  FFFFFFFFF
XSPEC12> set rateEtc [tcloutr rate all] 
2.99191626 0.05351677856 2.866625172 96.00788628
XSPEC12> set cRate [lindex $rateEtc 0]
2.99191626
XSPEC12> set cRateErr [lindex $rateEtc 1] 
0.05351677856
XSPEC12> set cRateLow [expr {$cRate - $cRateErr}] 
2.93839948144
XSPEC12> set cRateHigh [expr {$cRate + $cRateErr}] 
3.04543303856
XSPEC12> set paramTable [open ../default_output/00032646038/USERPROD_224850/spec/logpar_tbabs/param_tbl.dat w+] 
file7
XSPEC12> puts $paramTable "[lindex name 0] [lindex param 0] [lindex param_low 0] [lindex param_high 0] [lindex error_string 0]" 
XSPEC12> puts $paramTable "[lindex alpha 0] [lindex $parAlpha 0] [lindex $parAlphaErr 0] [lindex $parAlphaErr 1] [lindex $parAlphaErr 2]" 
XSPEC12> puts $paramTable "[lindex beta 0] [lindex $parBeta 0] [lindex $parBetaErr 0] [lindex $parBetaErr 1] [lindex $parBetaErr 2]" 
XSPEC12> puts $paramTable "[lindex pivotE 0] [lindex $parPivotE 0] [lindex 0 0] [lindex 0 0] [lindex 0 0]" 
XSPEC12> puts $paramTable "[lindex norm 0] [lindex $parNorm 0] [lindex $parNormErr 0] [lindex $parNormErr 1] [lindex $parNormErr 2]"
XSPEC12> puts $paramTable "[lindex flux 0] [lindex $parFlux 3] [lindex $parFlux 4] [lindex $parFlux 5] [lindex 0 0]"
XSPEC12> puts $paramTable "[lindex countrate 0] [lindex $cRate 0] [lindex $cRateLow 0] [lindex $cRateHigh 0] [lindex 0 0]"
XSPEC12> set nullProb [tcloutr nullhyp] 
0.2032873529
XSPEC12> set chiSq [tcloutr stat] 
142.0874047
XSPEC12> set dof [tcloutr dof]
129 132
XSPEC12> set statTable [open ../default_output/00032646038/USERPROD_224850/spec/logpar_tbabs/stat_tbl.dat w+]
file8
XSPEC12> puts $statTable "[lindex chi_squared 0] [lindex deg_freedom 0] [lindex null_hyp_probability 0]"
XSPEC12> puts $statTable "[lindex $chiSq 0] [lindex $dof 0] [lindex $nullProb 0]"
XSPEC12> close $statTable
XSPEC12>
XSPEC12> plot res 
XSPEC12> setplot command rescale 0.3 10 
1
XSPEC12> iplot
PLT>  hard ../default_output/00032646038/USERPROD_224850/spec/logpar_tbabs/resid.png/png 
PLT>  clear
PLT>  q
XSPEC12>
XSPEC12> plot eemodel eeufspec 
XSPEC12> setplot command rescale 0.3 10 
2
XSPEC12> plot eemodel eeufspec 
XSPEC12> set xDataEnergy [tcloutr plot eeufspec x] 
0.3100000024   0.3299999982   0.3500000089   0.3700000048   0.3900000006   0.4099999964   0.4299999923   0.450000003   0.4699999988   0.4899999946   0.5099999905   0.5300000012   0.5500000119   0.5649999976   0.5799999833   0.599999994   0.6150000095   0.6299999952   0.650000006   0.6650000215   0.6800000072   0.6949999928   0.7049999833   0.7150000036   0.7300000191   0.7450000048   0.7549999952   0.7649999857   0.7749999762   0.7849999964   0.8000000119   0.8149999976   0.8249999881   0.8349999785   0.849999994   0.8650000095   0.875   0.8899999857   0.9050000012   0.9150000215   0.9250000119   0.9350000024   0.9449999928   0.9600000083   0.9750000238   0.9850000143   1   1.019999981   1.034999967   1.049999952   1.069999993   1.085000038   1.095000029   1.105000019   1.120000005   1.139999986   1.159999967   1.174999952   1.185000002   1.200000048   1.215000033   1.230000019   1.245000005   1.25999999   1.279999971   1.294999957   1.310000002   1.325000048   1.340000033   1.360000014   1.379999995   1.399999976   1.419999957   1.439999998   1.460000038   1.475000024   1.49000001   1.514999986   1.534999967   1.544999957   1.560000002   1.580000043   1.600000024   1.620000005   1.639999986   1.659999967   1.685000002   1.710000038   1.730000019   1.75   1.774999976   1.805000007   1.840000033   1.875   1.909999967   1.944999993   1.980000019   2.00999999   2.039999962   2.079999924   2.11500001   2.1450001   2.190000057   2.245000005   2.304999948   2.360000014   2.3950001   2.435000062   2.495000005   2.564999938   2.625   2.680000067   2.745000005   2.824999928   2.914999962   3.00999999   3.100000024   3.200000048   3.314999938   3.414999962   3.5   3.585000038   3.705000043   3.855000019   4.030000091   4.210000038   4.414999962   4.670000076   4.99000001   5.345000029   5.690000057   6.315000057   
XSPEC12> set xDataEnergyErr [tcloutr plot eeufspec xerr] 
0.009999990463   0.01000000536   0.01000000536   0.009999990463   0.01000000536   0.009999990463   0.01000000536   0.01000000536   0.009999990463   0.01000000536   0.009999990463   0.01000002027   0.009999990463   0.004999995232   0.009999990463   0.01000002027   0.004999995232   0.009999990463   0.01000002027   0.004999995232   0.009999990463   0.004999995232   0.004999995232   0.005000025034   0.009999990463   0.004999995232   0.004999995232   0.004999995232   0.004999995232   0.005000025034   0.009999990463   0.004999995232   0.004999995232   0.004999995232   0.01000002027   0.004999995232   0.004999995232   0.009999990463   0.005000025034   0.004999995232   0.004999995232   0.004999995232   0.004999995232   0.01000002027   0.004999995232   0.004999995232   0.009999990463   0.009999990463   0.004999995232   0.009999990463   0.01000005007   0.004999995232   0.004999995232   0.004999995232   0.009999990463   0.009999990463   0.009999990463   0.004999995232   0.005000054836   0.009999990463   0.004999995232   0.009999990463   0.004999995232   0.009999990463   0.009999990463   0.004999995232   0.01000005007   0.004999995232   0.009999990463   0.009999990463   0.009999990463   0.009999990463   0.009999990463   0.01000005007   0.009999990463   0.004999995232   0.009999990463   0.01499998569   0.004999995232   0.004999995232   0.01000005007   0.009999990463   0.009999990463   0.009999990463   0.009999990463   0.009999990463   0.0150000453   0.009999990463   0.009999990463   0.009999990463   0.01499998569   0.0150000453   0.01999998093   0.01499998569   0.01999998093   0.0150000453   0.01999998093   0.009999990463   0.01999998093   0.01999998093   0.0150001049   0.01499998569   0.02999997139   0.02499997616   0.03499996662   0.02000010014   0.01499998569   0.02499997616   0.03499996662   0.03499996662   0.02500009537   0.02999997139   0.03499996662   0.04499995708   0.04500007629   0.04999995232   0.04000008106   0.05999994278   0.05499994755   0.04500007629   0.03999996185   0.04500007629   0.07499992847   0.07500004768   0.1000000238   0.07999992371   0.125   0.1300001144   0.1899998188   0.1650002003   0.1799998283   0.4450001717   
XSPEC12> set yDataEFlux [tcloutr plot eeufspec y] 
0.001254125965   0.002067630424   0.003139001735   0.003081228605   0.006059667738   0.005786376023   0.006000470984   0.01017920979   0.01060300963   0.01100204529   0.01017422879   0.01420339815   0.01302591236   0.01933683543   0.01225093905   0.0186852964   0.01858193828   0.01849821397   0.01435277783   0.02002611239   0.01646643779   0.02245322237   0.02338955854   0.01910200234   0.01614230864   0.02257120877   0.02252061252   0.02278071666   0.01978801104   0.01978547515   0.01518495355   0.01925314841   0.02823823363   0.01948905711   0.01947792572   0.01847203318   0.02642590197   0.0180634446   0.02098174587   0.02582946379   0.01845386844   0.02604410025   0.02237518943   0.01604864898   0.01989593404   0.02099481388   0.01958939935   0.01911380046   0.03129647436   0.01732430245   0.02214594886   0.01843731665   0.0212819442   0.02327691377   0.01814646061   0.0213003688   0.02079206826   0.0257480043   0.02594135725   0.02485965238   0.02464526266   0.01968202294   0.02899000553   0.02383661822   0.02690895378   0.02780499339   0.01991260583   0.03796197748   0.01750761554   0.01424689173   0.01899049115   0.01571186703   0.02889028734   0.02361117679   0.02507658498   0.03828769681   0.0199650795   0.01697770426   0.03533597887   0.03321642173   0.02580257504   0.02199144866   0.02092545225   0.02063358187   0.02453427856   0.02650422848   0.01837873784   0.02564609402   0.02841089603   0.03577549463   0.02251703974   0.01945977616   0.01759565818   0.02945960151   0.02072327818   0.0265804355   0.02050265516   0.04521891294   0.02507815268   0.02027396889   0.03472512681   0.03040643677   0.0176801531   0.02474328539   0.01850455155   0.03533434946   0.04626925313   0.02717042749   0.02105541217   0.02138856439   0.03130273304   0.02811829647   0.02614929172   0.02027050161   0.01916455788   0.01785431955   0.02384038757   0.01653322546   0.02054737214   0.03253359338   0.03080986505   0.02609385721   0.01655821431   0.01789219231   0.01494761074   0.0204992896   0.01546957008   0.01751134846   0.01385365724   0.02184941067   0.02457034179   0.01181413712   
XSPEC12> set yDataEFluxErr [tcloutr plot eeufspec yerr] 
0.0004586906285   0.0005484184013   0.0009323380181   0.000944005051   0.001333576039   0.001277050705   0.00143724486   0.00172201259   0.001983492904   0.001944905208   0.002406515986   0.002553133844   0.002268265084   0.003867367087   0.002479142327   0.002956734686   0.004155047714   0.003003215127   0.002888214989   0.004904145523   0.002868816647   0.004790527251   0.004677911708   0.004372197739   0.002770668454   0.004709992952   0.00459700078   0.00475371151   0.004318098021   0.004317544644   0.002684345906   0.004419509778   0.005433081412   0.004473662002   0.003121446281   0.004356045253   0.005089853484   0.002972014846   0.00447332325   0.004970882624   0.004351761672   0.00501218943   0.004665549513   0.0030151046   0.004567059536   0.004697577473   0.00322220255   0.003100667875   0.005621012729   0.00297109336   0.00337722554   0.004853501769   0.004885214538   0.004962654691   0.003112092321   0.003458149522   0.00356199763   0.005368830029   0.005409146907   0.003885005534   0.005514363279   0.003535634951   0.00604942   0.003869913741   0.004155354262   0.005928044509   0.003576409585   0.007180089774   0.003570998299   0.003108926656   0.003727372274   0.003349781307   0.004690385143   0.004314389007   0.004507645082   0.007815443383   0.004251266766   0.003099690533   0.007901365081   0.008270511938   0.004876228338   0.004585534033   0.004566308042   0.004613809169   0.005115750718   0.005410152983   0.003751544151   0.005870054473   0.005924081338   0.006760932987   0.004599867691   0.004573924505   0.003668948355   0.005669502954   0.004230121445   0.005804318699   0.004477125468   0.009230271951   0.00491823038   0.004653836445   0.006945025362   0.006635228482   0.003945909142   0.005159331655   0.0040380242   0.007710587191   0.01034611953   0.006407286655   0.004948970888   0.004909688922   0.007357553169   0.006291452586   0.005575047726   0.004423386095   0.004519355317   0.004210377015   0.005892766909   0.003996418575   0.004483804198   0.006380362597   0.00672326375   0.006153411577   0.003904731555   0.004219308108   0.003613143085   0.004834109612   0.003459101029   0.003915656553   0.003530492517   0.004885676754   0.005794138612   0.003952233623   
XSPEC12> set modelDataEFlux [tcloutr plot eeufspec model] 
0.0008331557437   0.001566937456   0.002569379748   0.003803578777   0.005225574206   0.006316888187   0.007777421067   0.009305429301   0.01080524711   0.01223920576   0.01359397281   0.01460915128   0.01151774093   0.01175452197   0.01276689202   0.01378109068   0.01446266534   0.0150994397   0.01590298884   0.01647112621   0.01699740443   0.01750044956   0.01716426212   0.01659717294   0.01740705919   0.01800534252   0.01828710415   0.01855339071   0.01880823699   0.01905199788   0.01938632593   0.01969346208   0.01988557229   0.02006915502   0.02031251635   0.0202472848   0.01978898476   0.0199985306   0.0202207152   0.02035988541   0.02049303828   0.02062029736   0.02074178075   0.02091310774   0.02107535792   0.02117662406   0.02131882009   0.02149283087   0.0216118256   0.02172329469   0.02185905803   0.02194434168   0.02200302071   0.02205863179   0.02213597834   0.02223023325   0.02231417048   0.02237125282   0.02240616545   0.02245412095   0.02249825061   0.02253733926   0.02257300005   0.02260420167   0.02264059306   0.0226641732   0.02261947877   0.02253009856   0.02254842508   0.02256887317   0.02258477096   0.02259645444   0.02260423516   0.02260840183   0.02260922322   0.02260788053   0.02260472268   0.02259609527   0.02258660892   0.02258090241   0.02256975434   0.02254463749   0.02252843965   0.02251044415   0.02249078919   0.02246960349   0.02244114192   0.02241070618   0.02238505142   0.02235834238   0.02232362627   0.02228017103   0.02220100309   0.02208905469   0.02203611491   0.02198149069   0.02192566801   0.02187675341   0.02182740053   0.02176055121   0.02170131953   0.02165024264   0.02157348881   0.02147866787   0.02137547567   0.02128031676   0.02122011977   0.02115187951   0.02102200053   0.02089659233   0.02079843512   0.02070982353   0.02060640875   0.0204812182   0.02034288661   0.02020069808   0.02006878883   0.01992454322   0.019762889   0.01962902132   0.01951838499   0.01941069831   0.01926392972   0.01908620592   0.0188881372   0.01869226224   0.01848520479   0.01824098246   0.01795912317   0.01766714509   0.01740779135   0.01699928536   
XSPEC12> set unbinDataTable [open ../default_output/00032646038/USERPROD_224850/spec/logpar_tbabs/spec_default_bin.dat w+] 
file8
XSPEC12> set len [llength $xDataEnergy] 
132
XSPEC12> for {set idx 0} {$idx < $len} {incr idx} {puts $unbinDataTable "[lindex $xDataEnergy $idx] [lindex $xDataEnergyErr $idx] [lindex $yDataEFlux $idx] [lindex $yDataEFluxErr $idx] [lindex $modelDataEFlux $idx]" } 
XSPEC12> close $unbinDataTable
XSPEC12>
XSPEC12> cpd /xw
XSPEC12> plot eemodel eeufspec 
XSPEC12> setplot command rescale 0.3 10
3
XSPEC12> setplot rebin 100000 5
XSPEC12> plot eemodel eeufspec 
XSPEC12> iplot
PLT>  hard ../default_output/00032646038/USERPROD_224850/spec/logpar_tbabs/eflux.png/png
PLT>  clear
PLT>  q
XSPEC12> cpd /xw
XSPEC12> plot ufspec
XSPEC12> setplot command rescale 0.3 10
4
XSPEC12> setplot rebin 100000 5
XSPEC12> plot ufspec
XSPEC12> iplot
PLT>  hard ../default_output/00032646038/USERPROD_224850/spec/logpar_tbabs/phflux.png/png
PLT>  clear
PLT>  q
XSPEC12>
XSPEC12> set xDataEnergy [tcloutr plot eeufspec x] 
0.3500000089   0.450000003   0.5449999869   0.6299999952   0.7050000131   0.7650000155   0.8250000179   0.8900000155   0.9500000179   1.019999981   1.094999969   1.170000017   1.25   1.329999983   1.420000017   1.50999999   1.599999964   1.704999983   1.844999969   2.014999926   2.219999909   2.469999909   2.779999971   3.210000038   3.795000076   4.820000172   6.135000229   
XSPEC12> set xDataEnergyErr [tcloutr plot eeufspec xerr] 
0.04999999702   0.04999999702   0.04499998689   0.04000002146   0.03499999642   0.02500000596   0.03499999642   0.03000000119   0.03000000119   0.03999996185   0.03500002623   0.04000002146   0.03999996185   0.04000002146   0.05000001192   0.03999996185   0.05000001192   0.05500000715   0.08499997854   0.08499997854   0.1200000048   0.1299999952   0.1800000668   0.25   0.3350000381   0.6900000572   0.625   
XSPEC12> set yDataEFlux [tcloutr plot eeufspec y] 
0.002957846304   0.008443478683   0.01329926544   0.01766681285   0.01858093378   0.02147906739   0.01944637592   0.02131110546   0.01981297539   0.02054067117   0.0205236691   0.02316246384   0.02426838744   0.02124933011   0.02234164575   0.02466280409   0.02281091371   0.02595857157   0.02154725364   0.02556663434   0.02368745923   0.0276381841   0.02423122997   0.02150445128   0.01980175124   0.01733800844   0.01672620791   
XSPEC12> set yDataEFluxErr [tcloutr plot eeufspec yerr] 
0.0003756499203   0.0007349259631   0.00117074472   0.001503067446   0.001612492119   0.002030934069   0.001668888076   0.001863376661   0.001848651383   0.001624996938   0.001787837914   0.00183840705   0.001957185935   0.001894505448   0.001844201775   0.00233234883   0.002127128672   0.002391222598   0.002002208962   0.002428641073   0.002260032602   0.002823017403   0.002437269728   0.002172942956   0.002065564266   0.001799243465   0.003296610975   
XSPEC12> set modelDataEFlux [tcloutr plot eeufspec model] 
0.002550122351   0.009023803521   0.01303077056   0.01499551244   0.01714841394   0.01852753332   0.01984633303   0.02009897084   0.0207858192   0.02147403155   0.02199552481   0.02234357871   0.02257769121   0.02258454593   0.02260027121   0.02259689232   0.02252977466   0.02241692828   0.02218368418   0.02187152983   0.02152859912   0.02108406615   0.02056479785   0.01993171828   0.01918426474   0.01817943661   0.01713477283   
XSPEC12> set datatable [open ../default_output/00032646038/USERPROD_224850/spec/logpar_tbabs/spec_binned.dat w+]
file8
XSPEC12> set len [llength $xDataEnergy] 
27
XSPEC12> for {set idx 0} {$idx < $len} {incr idx} {puts $datatable "[lindex $xDataEnergy $idx] [lindex $xDataEnergyErr $idx] [lindex $yDataEFlux $idx] [lindex $yDataEFluxErr $idx] [lindex $modelDataEFlux $idx]" }
XSPEC12> close $datatable
XSPEC12>
XSPEC12> model clear
XSPEC12> cpd none
XSPEC12> quit
 XSPEC: quit
 %PGPLOT, PGPAGE: no graphics device has been selected
 %PGPLOT, PGPAGE: no graphics device has been selected
 %PGPLOT, PGPAGE: no graphics device has been selected
