
		XSPEC version: 12.12.1
	Build Date/Time: Thu Nov 10 20:40:43 2022

XSPEC12> data ../default_output/00032646038/USERPROD_224850/spec/Obs_00032646038wt_chi2_grp.pi
***Warning: Detected response matrix energy bin value = 0 (or neg).
     XSPEC will instead use small finite value (response file will not be altered).

1 spectrum  in use
 
Spectral Data File: ../default_output/00032646038/USERPROD_224850/spec/Obs_00032646038wt_chi2_grp.pi  Spectrum 1
Net count rate (cts/s) for Spectrum:1  3.004e+00 +/- 5.408e-02 (95.1 % total)
 Assigned to Data Group 1 and Plot Group 1
  Noticed Channels:  1-510
  Telescope: SWIFT Instrument: XRT  Channel Type: PI
  Exposure Time: 1121 sec
 Using fit statistic: chi
 Using Background File                ../default_output/00032646038/USERPROD_224850/spec/Obs_00032646038wtback.pi
  Background Exposure Time: 1121 sec
 Using Response (RMF) File            ../default_output/00032646038/USERPROD_224850/spec/Obs_00032646038wt.rmf for Source 1
 Using Auxiliary Response (ARF) File  ../default_output/00032646038/USERPROD_224850/spec/Obs_00032646038wt.arf

XSPEC12> ignore bad 

ignore:   378 channels ignored from  source number 1
XSPEC12> ignore **-0.3
    30 channels (1-30) ignored in spectrum #     1

XSPEC12> ignore 10.0-** 
    25 channels (486-510) ignored in spectrum #     1

XSPEC12> cpd /xw 
XSPEC12> setplot energy keV 
XSPEC12> abund wilm 
 Solar Abundance Vector set to wilm:  Wilms, J., Allen, A. & McCray, R. ApJ 542 914 (2000) (abundances are set to zero for those elements not included in the paper).
XSPEC12> model tbabs*ztbabs(powerlaw) 

Input parameter value, delta, min, bot, top, and max values for ...
              1      0.001(      0.01)          0          0     100000      1e+06
1:TBabs:nH> 0.157 
              1      0.001(      0.01)          0          0     100000      1e+06
2:zTBabs:nH>
              0      -0.01(      0.01)     -0.999     -0.999         10         10
3:zTBabs:Redshift> 0.45
              1       0.01(      0.01)         -3         -2          9         10
4:powerlaw:PhoIndex> 
              1       0.01(      0.01)          0          0      1e+20      1e+24
5:powerlaw:norm> 

========================================================================
Model TBabs<1>*zTBabs<2>*powerlaw<3> Source No.: 1   Active/On
Model Model Component  Parameter  Unit     Value
 par  comp
   1    1   TBabs      nH         10^22    0.157000     +/-  0.0          
   2    2   zTBabs     nH         10^22    1.00000      +/-  0.0          
   3    2   zTBabs     Redshift            0.450000     frozen
   4    3   powerlaw   PhoIndex            1.00000      +/-  0.0          
   5    3   powerlaw   norm                1.00000      +/-  0.0          
________________________________________________________________________


Fit statistic  : Chi-Squared              2.204246e+07     using 132 bins.

Test statistic : Chi-Squared              2.204246e+07     using 132 bins.
 Null hypothesis probability of 0.000000e+00 with 128 degrees of freedom
 Current data and model not fit yet.
XSPEC12> freeze 1 

Fit statistic  : Chi-Squared              2.204246e+07     using 132 bins.

Test statistic : Chi-Squared              2.204246e+07     using 132 bins.
 Null hypothesis probability of 0.000000e+00 with 129 degrees of freedom
 Current data and model not fit yet.
XSPEC12> freeze 3 
  parameter 3 is already frozen.
XSPEC12> fit
                                   Parameters
Chi-Squared  |beta|/N    Lvl          2:nH    4:PhoIndex        5:norm
1864.27      163.37       -2      0.346779       1.21715    0.00544840
1150.08      26546        -3      0.126529       2.06907     0.0122848
202.807      19344.4      -4     0.0563214       2.34121     0.0257938
148.054      4490.76      -5    0.00923411       2.24086     0.0272318
144.098      884.423      -6    0.00152418       2.25930     0.0274400
143.695      615.924      -7   0.000204378       2.26025     0.0274702
143.651      551.374      -8   5.13630e-05       2.26036     0.0274736
143.642      544.013      -9   1.34537e-05       2.26037     0.0274740
========================================
 Variances and Principal Axes
                 2        4        5  
 2.5763E-07| -0.0216  -0.0077   0.9997  
 2.6337E-04|  0.9037  -0.4278   0.0163  
 3.1192E-03|  0.4275   0.9039   0.0162  
----------------------------------------

====================================
  Covariance Matrix
        1           2           3   
   7.853e-04   1.104e-03   2.550e-05
   1.104e-03   2.596e-03   4.392e-05
   2.550e-05   4.392e-05   1.148e-06
------------------------------------

========================================================================
Model TBabs<1>*zTBabs<2>*powerlaw<3> Source No.: 1   Active/On
Model Model Component  Parameter  Unit     Value
 par  comp
   1    1   TBabs      nH         10^22    0.157000     frozen
   2    2   zTBabs     nH         10^22    1.34537E-05  +/-  2.80224E-02  
   3    2   zTBabs     Redshift            0.450000     frozen
   4    3   powerlaw   PhoIndex            2.26037      +/-  5.09550E-02  
   5    3   powerlaw   norm                2.74740E-02  +/-  1.07162E-03  
________________________________________________________________________


Fit statistic  : Chi-Squared                  143.64     using 132 bins.

Test statistic : Chi-Squared                  143.64     using 132 bins.
 Null hypothesis probability of 1.79e-01 with 129 degrees of freedom
XSPEC12> save all ../default_output/00032646038/USERPROD_224850/spec/powlaw_ztbabs_tbabs/fit 
../default_output/00032646038/USERPROD_224850/spec/powlaw_ztbabs_tbabs/fit.xcm exists. Replace? (y/n) 
XSPEC12> error 1. 2 
 Parameter   Confidence Range (1)
                                   Parameters
Chi-Squared  |beta|/N    Lvl          2:nH    4:PhoIndex        5:norm
142.246      8.39086       0   6.65248e-06       2.28751     0.0281020
========================================
 Variances and Principal Axes
                 2        4        5  
 2.6144E-07| -0.0229  -0.0074   0.9997  
 2.4779E-04|  0.9080  -0.4185   0.0177  
 3.0934E-03|  0.4183   0.9082   0.0163  
----------------------------------------

====================================
  Covariance Matrix
        1           2           3   
   7.455e-04   1.081e-03   2.503e-05
   1.081e-03   2.595e-03   4.387e-05
   2.503e-05   4.387e-05   1.158e-06
------------------------------------

========================================================================
Model TBabs<1>*zTBabs<2>*powerlaw<3> Source No.: 1   Active/On
Model Model Component  Parameter  Unit     Value
 par  comp
   1    1   TBabs      nH         10^22    0.157000     frozen
   2    2   zTBabs     nH         10^22    6.65248E-06  +/-  2.73046E-02  
   3    2   zTBabs     Redshift            0.450000     frozen
   4    3   powerlaw   PhoIndex            2.28751      +/-  5.09389E-02  
   5    3   powerlaw   norm                2.81020E-02  +/-  1.07598E-03  
________________________________________________________________________


Fit statistic  : Chi-Squared                  142.25     using 132 bins.

Test statistic : Chi-Squared                  142.25     using 132 bins.
 Null hypothesis probability of 2.01e-01 with 129 degrees of freedom
     2            0    0.0144239    (-3.31728e-06,0.0144205)
XSPEC12> error 1. 4-5
 Parameter   Confidence Range (1)
     4      2.25548      2.32233    (-0.0319725,0.0348694)
     5    0.0275739    0.0287791    (-0.000527488,0.000677717)
XSPEC12> flux 2 10 err
Parameter distribution is derived from fit covariance matrix.
 Model Flux 0.0076848 photons (4.697e-11 ergs/cm^2/s) range (2.0000 - 10.000 keV)
     Error range  0.007391 - 0.008075    (4.489e-11 - 5.008e-11)  (68.00% confidence)
XSPEC12> set parFlux [tcloutr flux] 
4.696958837e-11 4.489372851e-11 5.007683207e-11  0.007684826385 0.007391033217 0.00807489413 
XSPEC12> set parZnH [tcloutr param 2] 
1.64811e-06 0.001 0 0 100000 1e+06
XSPEC12> set parZnHErr [tcloutr error 2] 
0 0.01442386325  FFFTFFTFF
XSPEC12> set parIndex [tcloutr param 4]
2.28746 0.01 -3 -2 9 10
XSPEC12> set parIndexErr [tcloutr error 4]
2.255483831 2.322325666  FFFFFFFFF
XSPEC12> set parNorm [tcloutr param 5]
0.0281014 0.01 0 0 1e+20 1e+24
XSPEC12> set parNormErr [tcloutr error 5]
0.02757394467 0.02877914977  FFFFFFFFF
XSPEC12> set rateEtc [tcloutr rate all] 
2.99191626 0.05351677856 2.865309919 96.00788628
XSPEC12> set cRate [lindex $rateEtc 0] 
2.99191626
XSPEC12> set cRateErr [lindex $rateEtc 1] 
0.05351677856
XSPEC12> set cRateLow [expr {$cRate - $cRateErr}] 
2.93839948144
XSPEC12> set cRateHigh [expr {$cRate + $cRateErr}] 
3.04543303856
XSPEC12> set paramTable [open ../default_output/00032646038/USERPROD_224850/spec/powlaw_ztbabs_tbabs/param_tbl.dat w+] 
file7
XSPEC12> puts $paramTable "[lindex name 0] [lindex param 0] [lindex param_low 0] [lindex param_high 0] [lindex error_string 0]" 
XSPEC12> puts $paramTable "[lindex ztbabs_nh 0] [lindex $parZnH 0] [lindex $parZnHErr 0] [lindex $parZnHErr 1] [lindex $parZnHErr 2]"
XSPEC12> puts $paramTable "[lindex PhoIndex 0] [lindex $parIndex 0] [lindex $parIndexErr 0] [lindex $parIndexErr 1] [lindex $parIndexErr 2]" 
XSPEC12> puts $paramTable "[lindex norm 0] [lindex $parNorm 0] [lindex $parNormErr 0] [lindex $parNormErr 1] [lindex $parNormErr 2]" 
XSPEC12> puts $paramTable "[lindex flux 0] [lindex $parFlux 3] [lindex $parFlux 4] [lindex $parFlux 5] [lindex 0 0]"
XSPEC12> puts $paramTable "[lindex cRate 0] [lindex $cRate 0] [lindex $cRateLow 0] [lindex $cRateHigh 0] [lindex 0 0]"
XSPEC12> close $paramTable
XSPEC12> set nullProb [tcloutr nullhyp] 
0.2006872152
XSPEC12> set chiSq [tcloutr stat] 
142.2456559
XSPEC12> set dof [tcloutr dof] 
129 132
XSPEC12> set statTable [open ../default_output/00032646038/USERPROD_224850/spec/powlaw_ztbabs_tbabs/stat_tbl.dat w+]
file7
XSPEC12> puts $statTable "[lindex chi_squared 0] [lindex deg_freedom 0] [lindex null_hyp_probability 0]" 
XSPEC12> puts $statTable "[lindex $chiSq 0] [lindex $dof 0] [lindex $nullProb 0]"
XSPEC12> close $statTable
XSPEC12>
XSPEC12> plot res 
XSPEC12> setplot command rescale 0.3 10 
1
XSPEC12> iplot
PLT>  hard ../default_output/00032646038/USERPROD_224850/spec/powlaw_ztbabs_tbabs/resid.png/png 
PLT>  clear
PLT>  q
XSPEC12>
XSPEC12> plot eemodel eeufspec
XSPEC12> setplot command rescale 0.3 10 
2
XSPEC12> plot eemodel eeufspec 
XSPEC12> set xDataEnergy [tcloutr plot eeufspec x] 
0.3100000024   0.3299999982   0.3500000089   0.3700000048   0.3900000006   0.4099999964   0.4299999923   0.450000003   0.4699999988   0.4899999946   0.5099999905   0.5300000012   0.5500000119   0.5649999976   0.5799999833   0.599999994   0.6150000095   0.6299999952   0.650000006   0.6650000215   0.6800000072   0.6949999928   0.7049999833   0.7150000036   0.7300000191   0.7450000048   0.7549999952   0.7649999857   0.7749999762   0.7849999964   0.8000000119   0.8149999976   0.8249999881   0.8349999785   0.849999994   0.8650000095   0.875   0.8899999857   0.9050000012   0.9150000215   0.9250000119   0.9350000024   0.9449999928   0.9600000083   0.9750000238   0.9850000143   1   1.019999981   1.034999967   1.049999952   1.069999993   1.085000038   1.095000029   1.105000019   1.120000005   1.139999986   1.159999967   1.174999952   1.185000002   1.200000048   1.215000033   1.230000019   1.245000005   1.25999999   1.279999971   1.294999957   1.310000002   1.325000048   1.340000033   1.360000014   1.379999995   1.399999976   1.419999957   1.439999998   1.460000038   1.475000024   1.49000001   1.514999986   1.534999967   1.544999957   1.560000002   1.580000043   1.600000024   1.620000005   1.639999986   1.659999967   1.685000002   1.710000038   1.730000019   1.75   1.774999976   1.805000007   1.840000033   1.875   1.909999967   1.944999993   1.980000019   2.00999999   2.039999962   2.079999924   2.11500001   2.1450001   2.190000057   2.245000005   2.304999948   2.360000014   2.3950001   2.435000062   2.495000005   2.564999938   2.625   2.680000067   2.745000005   2.824999928   2.914999962   3.00999999   3.100000024   3.200000048   3.314999938   3.414999962   3.5   3.585000038   3.705000043   3.855000019   4.030000091   4.210000038   4.414999962   4.670000076   4.99000001   5.345000029   5.690000057   6.315000057   
XSPEC12> set xDataEnergyErr [tcloutr plot eeufspec xerr] 
0.009999990463   0.01000000536   0.01000000536   0.009999990463   0.01000000536   0.009999990463   0.01000000536   0.01000000536   0.009999990463   0.01000000536   0.009999990463   0.01000002027   0.009999990463   0.004999995232   0.009999990463   0.01000002027   0.004999995232   0.009999990463   0.01000002027   0.004999995232   0.009999990463   0.004999995232   0.004999995232   0.005000025034   0.009999990463   0.004999995232   0.004999995232   0.004999995232   0.004999995232   0.005000025034   0.009999990463   0.004999995232   0.004999995232   0.004999995232   0.01000002027   0.004999995232   0.004999995232   0.009999990463   0.005000025034   0.004999995232   0.004999995232   0.004999995232   0.004999995232   0.01000002027   0.004999995232   0.004999995232   0.009999990463   0.009999990463   0.004999995232   0.009999990463   0.01000005007   0.004999995232   0.004999995232   0.004999995232   0.009999990463   0.009999990463   0.009999990463   0.004999995232   0.005000054836   0.009999990463   0.004999995232   0.009999990463   0.004999995232   0.009999990463   0.009999990463   0.004999995232   0.01000005007   0.004999995232   0.009999990463   0.009999990463   0.009999990463   0.009999990463   0.009999990463   0.01000005007   0.009999990463   0.004999995232   0.009999990463   0.01499998569   0.004999995232   0.004999995232   0.01000005007   0.009999990463   0.009999990463   0.009999990463   0.009999990463   0.009999990463   0.0150000453   0.009999990463   0.009999990463   0.009999990463   0.01499998569   0.0150000453   0.01999998093   0.01499998569   0.01999998093   0.0150000453   0.01999998093   0.009999990463   0.01999998093   0.01999998093   0.0150001049   0.01499998569   0.02999997139   0.02499997616   0.03499996662   0.02000010014   0.01499998569   0.02499997616   0.03499996662   0.03499996662   0.02500009537   0.02999997139   0.03499996662   0.04499995708   0.04500007629   0.04999995232   0.04000008106   0.05999994278   0.05499994755   0.04500007629   0.03999996185   0.04500007629   0.07499992847   0.07500004768   0.1000000238   0.07999992371   0.125   0.1300001144   0.1899998188   0.1650002003   0.1799998283   0.4450001717   
XSPEC12> set yDataEFlux [tcloutr plot eeufspec y] 
0.001236020115   0.002043287232   0.003108557893   0.003056628506   0.006019555226   0.005754914334   0.005974079112   0.01014347996   0.01057397796   0.01097891071   0.0101576024   0.0141837367   0.01300835728   0.01931107955   0.01223416006   0.01866004182   0.01855815763   0.01847664555   0.01433834628   0.02000885394   0.01645383854   0.0224384462   0.02337526793   0.01909162081   0.01613447569   0.02256179209   0.02251191071   0.02277276665   0.01978165925   0.01977976344   0.01518121936   0.01924917332   0.02823307461   0.01948597315   0.01947543088   0.0184700374   0.02642342907   0.01806204713   0.02098042447   0.02582790381   0.01845298535   0.02604295601   0.02237444567   0.0160482172   0.01989564067   0.0209945757   0.01958935072   0.01911396557   0.03129701891   0.01732472681   0.02214670904   0.01843804784   0.02128294879   0.02327808238   0.01814748132   0.02130174089   0.02079358343   0.02575005763   0.02594350919   0.02486182832   0.02464760789   0.01968400541   0.02899307675   0.02383927002   0.02691211261   0.02780837877   0.01991512248   0.03796697721   0.01750997669   0.0142488944   0.01899323507   0.01571419745   0.02889470607   0.02361486753   0.0250805769   0.03829389249   0.01996834046   0.01698052862   0.03534196572   0.03322208142   0.02580700065   0.02199529295   0.02092920833   0.02063737816   0.02453890083   0.02650936928   0.01838243198   0.02565145009   0.02841689864   0.0357831758   0.02252188241   0.01946393394   0.01759947126   0.02946617841   0.02072813796   0.02658681793   0.02050754245   0.04522950016   0.02508391555   0.02027848548   0.03473264127   0.03041279947   0.01768370475   0.02474856399   0.01850918995   0.03534485099   0.04628373481   0.02717911893   0.02106209511   0.02139519115   0.03131232027   0.02812697141   0.0261576822   0.02027746555   0.01917134249   0.01786070803   0.0238491066   0.01653960433   0.02055578725   0.03254750057   0.0308234633   0.02610579733   0.01656598437   0.01790089674   0.01495503226   0.0205095788   0.01547739383   0.01752029755   0.01386026062   0.02185936071   0.0245803134   0.01181557534   
XSPEC12> set yDataEFluxErr [tcloutr plot eeufspec yerr] 
0.0004520684999   0.000541961612   0.0009232956684   0.0009364682465   0.001324748313   0.001270107124   0.001430923426   0.00171596819   0.001978061983   0.001940815553   0.002402583336   0.002549599597   0.002265208133   0.00386221591   0.002475746873   0.002952738437   0.004149730199   0.00299971346   0.002885310921   0.004899919144   0.002866621581   0.00478737467   0.004675053586   0.004369821543   0.002769324005   0.00470802795   0.004595224532   0.00475205256   0.004316711946   0.004316298248   0.002683685788   0.004418597308   0.005432088808   0.004472954088   0.003121046469   0.004355574611   0.005089377182   0.002971784916   0.004473041526   0.004970582405   0.004351553424   0.00501196922   0.004665394429   0.003015023481   0.004566992195   0.00469752418   0.003222194552   0.003100694659   0.005621110534   0.002971166135   0.003377341467   0.004853694252   0.004885445138   0.004962903839   0.00311226737   0.003458372283   0.003562257202   0.005369258178   0.005409595617   0.003885345585   0.005514888021   0.003535991078   0.006050060878   0.003870344264   0.004155842056   0.005928766274   0.003576861588   0.007181035418   0.003571479899   0.003109363674   0.00372791084   0.003350278153   0.004691102531   0.004315063403   0.004508362649   0.007816708072   0.004251961139   0.003100206188   0.00790270378   0.008271921137   0.0048770647   0.004586335621   0.004567127687   0.004614658044   0.005116714527   0.005411202345   0.003752298214   0.005871280407   0.005925332969   0.006762384593   0.004600856972   0.004574901771   0.003669743438   0.005670768679   0.004231113443   0.005805712417   0.004478192697   0.00923243306   0.004919360572   0.004654873218   0.006946528253   0.006636616937   0.003946701809   0.005160432319   0.004039036381   0.007712878814   0.01034935773   0.006409336255   0.00495054168   0.004911210079   0.007359806598   0.006293393599   0.005576836582   0.004424905752   0.004520955252   0.004211883534   0.005894922043   0.003997960479   0.004485640526   0.006383090021   0.006726231131   0.006156227277   0.003906563877   0.004221360771   0.003614937018   0.004836535995   0.003460850472   0.003917657631   0.003532175335   0.00488790165   0.005796490102   0.003952714755   
XSPEC12> set modelDataEFlux [tcloutr plot eeufspec model] 
0.0008052836844   0.001519198393   0.002498084852   0.003707481673   0.005105413939   0.006184772334   0.007629740318   0.009145194014   0.01063684284   0.01206695344   0.01342171589   0.01444306653   0.0114004012   0.01164517798   0.01265843827   0.01367797381   0.01436483313   0.01500753745   0.01581979202   0.01639495589   0.01692853618   0.01743916409   0.01711011037   0.01655050646   0.01736657942   0.01797184913   0.01825852578   0.01852973863   0.01878950315   0.01903816316   0.01937974858   0.01969411255   0.01989094441   0.02007918386   0.02032934682   0.02027046401   0.01981563811   0.02003124129   0.02025940446   0.02040243873   0.02053937345   0.02067033002   0.02079542505   0.02097197951   0.0211393183   0.02124384781   0.0213907474   0.02157075229   0.02169403135   0.02180955205   0.02195044567   0.02203934167   0.02210033744   0.02215818395   0.02223871432   0.02233696629   0.02242459519   0.02248426771   0.02252080551   0.02257105145   0.02261734594   0.02265842021   0.02269594654   0.02272884567   0.02276730175   0.02279228573   0.0227484752   0.02265962806   0.02267898018   0.02270062702   0.02271752422   0.0227300161   0.02273842231   0.02274303937   0.02274414361   0.02274291247   0.02273976904   0.02273098125   0.02272122252   0.02271532327   0.0227038122   0.02267805429   0.02266115783   0.02264234705   0.02262176545   0.02259954677   0.02256964975   0.02253763265   0.02251060923   0.0224824455   0.02244579554   0.0223998612   0.02231746026   0.02220192092   0.02214552483   0.02208726683   0.02202765609   0.02197536957   0.02192255635   0.02185094219   0.02178741373   0.02173257361   0.02165006164   0.02154798051   0.02143668516   0.02133389063   0.02126877395   0.02119487119   0.02105635052   0.02092075984   0.02081377713   0.02071704437   0.02060397516   0.02046685541   0.02031502452   0.02015858235   0.02001313438   0.01985399287   0.01967519962   0.01952650029   0.01940335385   0.01928326742   0.01911923458   0.01892007927   0.01869755061   0.01847680524   0.01824234293   0.01796471643   0.01764272409   0.01730746841   0.0170080797   0.01653324445   
XSPEC12> set unbinDataTable [open ../default_output/00032646038/USERPROD_224850/spec/powlaw_ztbabs_tbabs/spec_default_bin.dat w+] 
file7
XSPEC12> set len [llength $xDataEnergy] 
132
XSPEC12> for {set idx 0} {$idx < $len} {incr idx} {puts $unbinDataTable "[lindex $xDataEnergy $idx] [lindex $xDataEnergyErr $idx] [lindex $yDataEFlux $idx] [lindex $yDataEFluxErr $idx] [lindex $modelDataEFlux $idx]" } 
XSPEC12> close $unbinDataTable
XSPEC12>
XSPEC12> cpd /xw
XSPEC12> plot eemodel eeufspec 
XSPEC12> setplot command rescale 0.3 10
3
XSPEC12> setplot rebin 100000 5 
XSPEC12> plot eemodel eeufspec
XSPEC12> iplot
PLT>  hard ../default_output/00032646038/USERPROD_224850/spec/powlaw_ztbabs_tbabs/eflux.png/png 
PLT>  clear
PLT>  q
XSPEC12> cpd /xw
XSPEC12> plot ufspec 
XSPEC12> setplot command rescale 0.3 10
4
XSPEC12> setplot rebin 100000 5
XSPEC12> plot ufspec
XSPEC12> iplot
PLT>  hard ../default_output/00032646038/USERPROD_224850/spec/powlaw_ztbabs_tbabs/phflux.png/png
PLT>  clear
PLT>  q
XSPEC12>
XSPEC12> set xDataEnergy [tcloutr plot eeufspec x] 
0.3500000089   0.450000003   0.5449999869   0.6299999952   0.7050000131   0.7650000155   0.8250000179   0.8900000155   0.9500000179   1.019999981   1.094999969   1.170000017   1.25   1.329999983   1.420000017   1.50999999   1.599999964   1.704999983   1.844999969   2.014999926   2.219999909   2.469999909   2.779999971   3.210000038   3.795000076   4.820000172   6.135000229   
XSPEC12> set xDataEnergyErr [tcloutr plot eeufspec xerr]
0.04999999702   0.04999999702   0.04499998689   0.04000002146   0.03499999642   0.02500000596   0.03499999642   0.03000000119   0.03000000119   0.03999996185   0.03500002623   0.04000002146   0.03999996185   0.04000002146   0.05000001192   0.03999996185   0.05000001192   0.05500000715   0.08499997854   0.08499997854   0.1200000048   0.1299999952   0.1800000668   0.25   0.3350000381   0.6900000572   0.625   
XSPEC12> set yDataEFlux [tcloutr plot eeufspec y] 
0.002931994773   0.00841397617   0.01327848596   0.01764572795   0.01856853857   0.02147122821   0.01944243461   0.0213091565   0.0198121931   0.02054065795   0.02052452025   0.02316416729   0.02427096297   0.02125212145   0.02234504201   0.02466689201   0.02281498863   0.02596386807   0.02155185532   0.02557263683   0.02369187443   0.02764718542   0.02423953039   0.02151326377   0.01981125056   0.01734167134   0.01672587008   
XSPEC12> set yDataEFluxErr [tcloutr plot eeufspec yerr] 
0.0003723667458   0.0007323580448   0.001168915486   0.001501273573   0.001611416436   0.002030192842   0.001668549833   0.00186320625   0.001848578391   0.001624995892   0.001787912059   0.001838542253   0.001957393645   0.001894754312   0.001844482121   0.002332735422   0.00212750866   0.002391710495   0.002002636558   0.002429211266   0.002260453858   0.002823936816   0.002438104616   0.002173833424   0.00206655516   0.00179962358   0.003296544392   
XSPEC12> set modelDataEFlux [tcloutr plot eeufspec model] 
0.002482812447   0.008869498036   0.01289075739   0.01490355066   0.0170933788   0.01850361775   0.01985111753   0.02013147126   0.0208408946   0.02155144749   0.02209252421   0.02245541052   0.02270096085   0.02271453526   0.02273425259   0.02273175013   0.0226624274   0.02254414573   0.02229966665   0.02196971385   0.02160162794   0.02112256761   0.02055821052   0.01986156902   0.01902960471   0.01789327912   0.01669073106   
XSPEC12> set datatable [open ../default_output/00032646038/USERPROD_224850/spec/powlaw_ztbabs_tbabs/spec_binned.dat w+]
file7
XSPEC12> set len [llength $xDataEnergy] 
27
XSPEC12> for {set idx 0} {$idx < $len} {incr idx} {puts $datatable "[lindex $xDataEnergy $idx] [lindex $xDataEnergyErr $idx] [lindex $yDataEFlux $idx] [lindex $yDataEFluxErr $idx] [lindex $modelDataEFlux $idx]" }
XSPEC12> close $datatable
XSPEC12>
XSPEC12> model clear
XSPEC12> cpd none
XSPEC12> quit
 XSPEC: quit
 %PGPLOT, PGPAGE: no graphics device has been selected
 %PGPLOT, PGPAGE: no graphics device has been selected
 %PGPLOT, PGPAGE: no graphics device has been selected
