
		XSPEC version: 12.12.1
	Build Date/Time: Thu Nov 10 20:40:43 2022

XSPEC12> data ../default_output/00032646038/USERPROD_224850/spec/Obs_00032646038wt_chi2_grp.pi 
***Warning: Detected response matrix energy bin value = 0 (or neg).
     XSPEC will instead use small finite value (response file will not be altered).

1 spectrum  in use
 
Spectral Data File: ../default_output/00032646038/USERPROD_224850/spec/Obs_00032646038wt_chi2_grp.pi  Spectrum 1
Net count rate (cts/s) for Spectrum:1  3.004e+00 +/- 5.408e-02 (95.1 % total)
 Assigned to Data Group 1 and Plot Group 1
  Noticed Channels:  1-510
  Telescope: SWIFT Instrument: XRT  Channel Type: PI
  Exposure Time: 1121 sec
 Using fit statistic: chi
 Using Background File                ../default_output/00032646038/USERPROD_224850/spec/Obs_00032646038wtback.pi
  Background Exposure Time: 1121 sec
 Using Response (RMF) File            ../default_output/00032646038/USERPROD_224850/spec/Obs_00032646038wt.rmf for Source 1
 Using Auxiliary Response (ARF) File  ../default_output/00032646038/USERPROD_224850/spec/Obs_00032646038wt.arf

XSPEC12> ignore bad 

ignore:   378 channels ignored from  source number 1
XSPEC12> ignore **-0.3 
    30 channels (1-30) ignored in spectrum #     1

XSPEC12> ignore 10.0-** 
    25 channels (486-510) ignored in spectrum #     1

XSPEC12> cpd /xw 
XSPEC12> setplot energy keV 
XSPEC12> abund wilm 
 Solar Abundance Vector set to wilm:  Wilms, J., Allen, A. & McCray, R. ApJ 542 914 (2000) (abundances are set to zero for those elements not included in the paper).
XSPEC12> model tbabs(powerlaw) 

Input parameter value, delta, min, bot, top, and max values for ...
              1      0.001(      0.01)          0          0     100000      1e+06
1:TBabs:nH> 0.157 
              1       0.01(      0.01)         -3         -2          9         10
2:powerlaw:PhoIndex> 
              1       0.01(      0.01)          0          0      1e+20      1e+24
3:powerlaw:norm> 

========================================================================
Model TBabs<1>*powerlaw<2> Source No.: 1   Active/On
Model Model Component  Parameter  Unit     Value
 par  comp
   1    1   TBabs      nH         10^22    0.157000     +/-  0.0          
   2    2   powerlaw   PhoIndex            1.00000      +/-  0.0          
   3    2   powerlaw   norm                1.00000      +/-  0.0          
________________________________________________________________________


Fit statistic  : Chi-Squared              2.531899e+07     using 132 bins.

Test statistic : Chi-Squared              2.531899e+07     using 132 bins.
 Null hypothesis probability of 0.000000e+00 with 129 degrees of freedom
 Current data and model not fit yet.
XSPEC12> freeze 1 

Fit statistic  : Chi-Squared              2.531899e+07     using 132 bins.

Test statistic : Chi-Squared              2.531899e+07     using 132 bins.
 Null hypothesis probability of 0.000000e+00 with 130 degrees of freedom
 Current data and model not fit yet.
XSPEC12> fit
                                   Parameters
Chi-Squared  |beta|/N    Lvl    2:PhoIndex        3:norm
343.472      358.608      -3       2.58666     0.0232051
154.508      10295.6      -4       2.20094     0.0284703
142.278      2219.05      -5       2.28259     0.0281157
142.246      95.4878      -6       2.28746     0.0281022
142.246      0.306766     -7       2.28752     0.0281025
==============================
 Variances and Principal Axes
                 2        3  
 2.6156E-07| -0.0074   1.0000  
 1.0276E-03|  1.0000   0.0074  
------------------------------

========================
  Covariance Matrix
        1           2   
   1.027e-03   7.590e-06
   7.590e-06   3.176e-07
------------------------

========================================================================
Model TBabs<1>*powerlaw<2> Source No.: 1   Active/On
Model Model Component  Parameter  Unit     Value
 par  comp
   1    1   TBabs      nH         10^22    0.157000     frozen
   2    2   powerlaw   PhoIndex            2.28752      +/-  3.20546E-02  
   3    2   powerlaw   norm                2.81025E-02  +/-  5.63593E-04  
________________________________________________________________________


Fit statistic  : Chi-Squared                  142.25     using 132 bins.

Test statistic : Chi-Squared                  142.25     using 132 bins.
 Null hypothesis probability of 2.18e-01 with 130 degrees of freedom
XSPEC12> save all ../default_output/00032646038/USERPROD_224850/spec/powlaw_tbabs/fit 
../default_output/00032646038/USERPROD_224850/spec/powlaw_tbabs/fit.xcm exists. Replace? (y/n) 
XSPEC12> error 1. 2-3 
 Parameter   Confidence Range (1)
     2      2.25554      2.32001    (-0.0319723,0.0324959)
     3    0.0275373    0.0286661    (-0.000565235,0.000563536)
XSPEC12> flux 2 10 err 
Parameter distribution is derived from fit covariance matrix.
 Model Flux 0.0076845 photons (4.6967e-11 ergs/cm^2/s) range (2.0000 - 10.000 keV)
     Error range  0.007457 - 0.008006    (4.538e-11 - 4.914e-11)  (68.00% confidence)
XSPEC12> set parFlux [tcloutr flux] 
4.696732353e-11 4.538061074e-11 4.913594172e-11  0.007684548239 0.007456828211 0.008006361451 
XSPEC12> set parIndex [tcloutr param 2] 
2.28752 0.01 -3 -2 9 10
XSPEC12> set parIndexErr [tcloutr error 2] 
2.25554461 2.320012826  FFFFFFFFF
XSPEC12> set parNorm [tcloutr param 3]  
0.0281025 0.01 0 0 1e+20 1e+24
XSPEC12> set parNormErr [tcloutr error 3] 
0.02753729768 0.02866606833  FFFFFFFFF
XSPEC12> set rateEtc [tcloutr rate all] 
2.99191626 0.05351677856 2.865382503 96.00788628
XSPEC12> set cRate [lindex $rateEtc 0] 
2.99191626
XSPEC12> set cRateErr [lindex $rateEtc 1] 
0.05351677856
XSPEC12> set cRateLow [expr {$cRate - $cRateErr}]  
2.93839948144
XSPEC12> set cRateHigh [expr {$cRate + $cRateErr}] 
3.04543303856
XSPEC12> set paramTable [open ../default_output/00032646038/USERPROD_224850/spec/powlaw_tbabs/param_tbl.dat w+] 
file8
XSPEC12> puts $paramTable "[lindex name 0] [lindex param 0] [lindex param_low 0] [lindex param_high 0] [lindex error_string 0]" 
XSPEC12> puts $paramTable "[lindex PhoIndex 0] [lindex $parIndex 0] [lindex $parIndexErr 0] [lindex $parIndexErr 1] [lindex $parIndexErr 2]" 
XSPEC12> puts $paramTable "[lindex norm 0] [lindex $parNorm 0] [lindex $parNormErr 0] [lindex $parNormErr 1] [lindex $parNormErr 2]" 
XSPEC12> puts $paramTable "[lindex flux 0] [lindex $parFlux 3] [lindex $parFlux 4] [lindex $parFlux 5] [lindex 0 0]"
XSPEC12> puts $paramTable "[lindex countrate 0] [lindex $cRate 0] [lindex $cRateLow 0] [lindex $cRateHigh 0] [lindex 0 0]"
XSPEC12> close $paramTable
XSPEC12> set nullProb [tcloutr nullhyp] 
0.2183235
XSPEC12> set chiSq [tcloutr stat] 
142.2455674
XSPEC12> set dof [tcloutr dof] 
130 132
XSPEC12> set statTable [open ../default_output/00032646038/USERPROD_224850/spec/powlaw_tbabs/stat_tbl.dat w+]
file8
XSPEC12> puts $statTable "[lindex chi_squared 0] [lindex deg_freedom 0] [lindex null_hyp_probability 0]" 
XSPEC12> puts $statTable "[lindex $chiSq 0] [lindex $dof 0] [lindex $nullProb 0]"
XSPEC12> close $statTable
XSPEC12>
XSPEC12> plot res 
XSPEC12> setplot command rescale 0.3 10 
1
XSPEC12> iplot
PLT>  hard ../default_output/00032646038/USERPROD_224850/spec/powlaw_tbabs/resid.png/png 
PLT>  clear
PLT>  q
XSPEC12>
XSPEC12> plot eemodel eeufspec 
XSPEC12> setplot command rescale 0.3 10 
2
XSPEC12> plot eemodel eeufspec 
XSPEC12> set xDataEnergy [tcloutr plot eeufspec x] 
0.3100000024   0.3299999982   0.3500000089   0.3700000048   0.3900000006   0.4099999964   0.4299999923   0.450000003   0.4699999988   0.4899999946   0.5099999905   0.5300000012   0.5500000119   0.5649999976   0.5799999833   0.599999994   0.6150000095   0.6299999952   0.650000006   0.6650000215   0.6800000072   0.6949999928   0.7049999833   0.7150000036   0.7300000191   0.7450000048   0.7549999952   0.7649999857   0.7749999762   0.7849999964   0.8000000119   0.8149999976   0.8249999881   0.8349999785   0.849999994   0.8650000095   0.875   0.8899999857   0.9050000012   0.9150000215   0.9250000119   0.9350000024   0.9449999928   0.9600000083   0.9750000238   0.9850000143   1   1.019999981   1.034999967   1.049999952   1.069999993   1.085000038   1.095000029   1.105000019   1.120000005   1.139999986   1.159999967   1.174999952   1.185000002   1.200000048   1.215000033   1.230000019   1.245000005   1.25999999   1.279999971   1.294999957   1.310000002   1.325000048   1.340000033   1.360000014   1.379999995   1.399999976   1.419999957   1.439999998   1.460000038   1.475000024   1.49000001   1.514999986   1.534999967   1.544999957   1.560000002   1.580000043   1.600000024   1.620000005   1.639999986   1.659999967   1.685000002   1.710000038   1.730000019   1.75   1.774999976   1.805000007   1.840000033   1.875   1.909999967   1.944999993   1.980000019   2.00999999   2.039999962   2.079999924   2.11500001   2.1450001   2.190000057   2.245000005   2.304999948   2.360000014   2.3950001   2.435000062   2.495000005   2.564999938   2.625   2.680000067   2.745000005   2.824999928   2.914999962   3.00999999   3.100000024   3.200000048   3.314999938   3.414999962   3.5   3.585000038   3.705000043   3.855000019   4.030000091   4.210000038   4.414999962   4.670000076   4.99000001   5.345000029   5.690000057   6.315000057   
XSPEC12> set xDataEnergyErr [tcloutr plot eeufspec xerr] 
0.009999990463   0.01000000536   0.01000000536   0.009999990463   0.01000000536   0.009999990463   0.01000000536   0.01000000536   0.009999990463   0.01000000536   0.009999990463   0.01000002027   0.009999990463   0.004999995232   0.009999990463   0.01000002027   0.004999995232   0.009999990463   0.01000002027   0.004999995232   0.009999990463   0.004999995232   0.004999995232   0.005000025034   0.009999990463   0.004999995232   0.004999995232   0.004999995232   0.004999995232   0.005000025034   0.009999990463   0.004999995232   0.004999995232   0.004999995232   0.01000002027   0.004999995232   0.004999995232   0.009999990463   0.005000025034   0.004999995232   0.004999995232   0.004999995232   0.004999995232   0.01000002027   0.004999995232   0.004999995232   0.009999990463   0.009999990463   0.004999995232   0.009999990463   0.01000005007   0.004999995232   0.004999995232   0.004999995232   0.009999990463   0.009999990463   0.009999990463   0.004999995232   0.005000054836   0.009999990463   0.004999995232   0.009999990463   0.004999995232   0.009999990463   0.009999990463   0.004999995232   0.01000005007   0.004999995232   0.009999990463   0.009999990463   0.009999990463   0.009999990463   0.009999990463   0.01000005007   0.009999990463   0.004999995232   0.009999990463   0.01499998569   0.004999995232   0.004999995232   0.01000005007   0.009999990463   0.009999990463   0.009999990463   0.009999990463   0.009999990463   0.0150000453   0.009999990463   0.009999990463   0.009999990463   0.01499998569   0.0150000453   0.01999998093   0.01499998569   0.01999998093   0.0150000453   0.01999998093   0.009999990463   0.01999998093   0.01999998093   0.0150001049   0.01499998569   0.02999997139   0.02499997616   0.03499996662   0.02000010014   0.01499998569   0.02499997616   0.03499996662   0.03499996662   0.02500009537   0.02999997139   0.03499996662   0.04499995708   0.04500007629   0.04999995232   0.04000008106   0.05999994278   0.05499994755   0.04500007629   0.03999996185   0.04500007629   0.07499992847   0.07500004768   0.1000000238   0.07999992371   0.125   0.1300001144   0.1899998188   0.1650002003   0.1799998283   0.4450001717   
XSPEC12> set yDataEFlux [tcloutr plot eeufspec y] 
0.001236065645   0.002043345286   0.003108626938   0.003056686205   0.006019662264   0.005754995972   0.005974147558   0.01014357358   0.01057405585   0.01097898179   0.01015765765   0.01418380506   0.01300841864   0.01931117016   0.01223421779   0.018660134   0.01855824904   0.01847673175   0.01433840752   0.02000893208   0.01645389924   0.0224385227   0.02337534521   0.01909168063   0.0161345241   0.0225618557   0.02251197266   0.02277282732   0.01978171023   0.01977981264   0.0151812553   0.01924921659   0.02823313654   0.0194860143   0.01947547029   0.01847007364   0.02642348004   0.01806208087   0.02098046413   0.02582795304   0.01845301965   0.02604300436   0.02237448648   0.01604824615   0.0198956759   0.02099461286   0.01958938493   0.01911399872   0.03129707254   0.01732475658   0.02214674669   0.01843807932   0.02128298465   0.02327812161   0.01814751165   0.02130177608   0.02079361725   0.02575009881   0.02594355025   0.02486186706   0.02464764561   0.01968403456   0.02899311909   0.023839304   0.02691215072   0.0278084177   0.01991514949   0.03796702743   0.01750999909   0.01424891197   0.01899325777   0.01571421521   0.02889473748   0.02361489203   0.02508060185   0.03829392843   0.01996835857   0.01698054295   0.03534199397   0.03322210723   0.02580701983   0.02199530885   0.02092922311   0.0206373926   0.02453891769   0.02650938775   0.01838244469   0.02565146842   0.02841691855   0.03578320009   0.02252189692   0.01946394571   0.01759948181   0.02946619665   0.02072815165   0.02658683617   0.0205075561   0.04522952818   0.02508393005   0.02027849597   0.03473265754   0.030412812   0.01768371057   0.02474857209   0.01850919776   0.03534487135   0.04628376387   0.02717913651   0.02106210842   0.02139520371   0.03131233776   0.02812698689   0.02615769698   0.02027747809   0.01917135463   0.01786071924   0.02384912161   0.01653961526   0.02055580157   0.03254752425   0.03082348617   0.02610581739   0.01656599719   0.01790091076   0.01495504384   0.02050959428   0.01547740523   0.01752031014   0.01386026939   0.02185937314   0.02458032505   0.01181557617   
XSPEC12> set yDataEFluxErr [tcloutr plot eeufspec yerr] 
0.0004520851523   0.00054197701   0.000923316176   0.0009364859239   0.00132477187   0.001270125141   0.00143093982   0.001715984028   0.001978076554   0.001940828119   0.002402596404   0.002549611884   0.002265218817   0.003862234032   0.002475758555   0.002952753023   0.004149750639   0.002999727454   0.002885323246   0.00489993828   0.002866632156   0.00478739099   0.004675069041   0.004369835235   0.002769332313   0.004708041223   0.004595237177   0.004752065221   0.004316723072   0.004316308984   0.002683692143   0.004418607241   0.005432100722   0.004472963534   0.003121052784   0.004355583156   0.005089387   0.002971790468   0.004473049981   0.004970591881   0.004351561511   0.005011978525   0.004665402939   0.003015028919   0.004567000281   0.004697532495   0.003222200178   0.003100700035   0.005621120166   0.002971171241   0.003377347208   0.004853702537   0.004885453371   0.004962912203   0.003112272571   0.003458377995   0.003562262996   0.005369266765   0.005409604179   0.003885351639   0.005514896463   0.003535996315   0.006050069714   0.003870349781   0.004155847942   0.005928774574   0.003576866439   0.007181044917   0.003571484467   0.003109367507   0.003727915294   0.003350281941   0.004691107629   0.004315067881   0.004508367134   0.007816715409   0.004251964996   0.003100208804   0.007902710097   0.008271927563   0.004877068324   0.004586338937   0.004567130912   0.004614661273   0.005116718044   0.005411206115   0.003752300811   0.005871284603   0.005925337121   0.006762389182   0.004600859936   0.004574904538   0.003669745637   0.00567077219   0.004231116239   0.005805716401   0.004478195676   0.00923243878   0.004919363416   0.004654875625   0.006946531509   0.00663661967   0.00394670311   0.005160434008   0.004039038086   0.007712883256   0.01034936423   0.006409340401   0.004950544807   0.004911212961   0.007359810711   0.006293397063   0.005576839734   0.004424908489   0.004520958115   0.004211886178   0.005894925753   0.003997963122   0.00448564365   0.006383094664   0.006726236123   0.006156232006   0.003906566899   0.00422136408   0.003614939817   0.004836539645   0.003460853021   0.003917660446   0.003532177571   0.004887904429   0.005796492849   0.003952715033   
XSPEC12> set modelDataEFlux [tcloutr plot eeufspec model] 
0.000805383718   0.001519377809   0.00249836635   0.003707886837   0.005105962196   0.006185407433   0.007630492911   0.009146062044   0.01063781564   0.01206802535   0.0134228676   0.01444426306   0.01140131495   0.01164608762   0.01265940314   0.01367898785   0.01436587532   0.01500860073   0.01582087818   0.01639605548   0.01692964558   0.01744028079   0.01711118949   0.01655153428   0.0173676336   0.01797291554   0.01825959293   0.01853080535   0.01879056859   0.01903922651   0.01938080684   0.01969516379   0.01989199024   0.02008022374   0.02033037611   0.02027146718   0.01981660395   0.02003219566   0.02026034903   0.02040337591   0.02054030251   0.02067125069   0.02079633707   0.02097287815   0.02114020306   0.02124472308   0.02139160817   0.02157159311   0.02169485678   0.02181036205   0.02195123468   0.02204011452   0.02210109967   0.02215893547   0.02223944975   0.02233768011   0.02242528733   0.02248494352   0.02252147046   0.02257170018   0.02261797837   0.02265903648   0.02269654662   0.0227294297   0.02276786526   0.02279283338   0.02274900555   0.02266014023   0.02267947697   0.0227011034   0.02271798038   0.02273045223   0.02273883862   0.02274343608   0.02274452094   0.02274327536   0.02274011771   0.0227313065   0.02272152915   0.02271562073   0.02270409602   0.02267831999   0.02266140577   0.02264257748   0.02262197859   0.02259974285   0.0225698249   0.02253778737   0.02251074785   0.02248256808   0.02244589842   0.02239994083   0.0223175134   0.02220194806   0.02214552687   0.02208724425   0.02202760959   0.02197530287   0.02192247003   0.02185083022   0.02178727981   0.02173242133   0.02164988267   0.02154776972   0.02143644109   0.02133361686   0.02126848189   0.02119455881   0.02105600907   0.02092038529   0.02081337508   0.02071661807   0.02060352117   0.02046636879   0.02031450273   0.02015802529   0.02001254536   0.01985337041   0.01967454046   0.01952581073   0.0194026396   0.01928252951   0.01911846497   0.01891927204   0.01869670271   0.01847591807   0.01824141481   0.01796374117   0.01764169618   0.0173063874   0.01700695286   0.01653204819   
XSPEC12> set unbinDataTable [open ../default_output/00032646038/USERPROD_224850/spec/powlaw_tbabs/spec_default_bin.dat w+] 
file8
XSPEC12> set len [llength $xDataEnergy] 
132
XSPEC12> for {set idx 0} {$idx < $len} {incr idx} {puts $unbinDataTable "[lindex $xDataEnergy $idx] [lindex $xDataEnergyErr $idx] [lindex $yDataEFlux $idx] [lindex $yDataEFluxErr $idx] [lindex $modelDataEFlux $idx]" } 
XSPEC12> close $unbinDataTable
XSPEC12>
XSPEC12> cpd /xw
XSPEC12> plot eemodel eeufspec 
XSPEC12> setplot command rescale 0.3 10 
3
XSPEC12> setplot rebin 100000 5 
XSPEC12> plot eemodel eeufspec 
XSPEC12> iplot
PLT>  hard ../default_output/00032646038/USERPROD_224850/spec/powlaw_tbabs/eflux.png/png 
PLT>  clear
PLT>  q
XSPEC12> cpd /xw
XSPEC12> plot ufspec 
XSPEC12> setplot command rescale 0.3 10
4
XSPEC12> setplot rebin 100000 5
XSPEC12> plot ufspec
XSPEC12> iplot
PLT>  hard ../default_output/00032646038/USERPROD_224850/spec/powlaw_tbabs/phflux.png/png
PLT>  clear
PLT>  q
XSPEC12>
XSPEC12> set xDataEnergy [tcloutr plot eeufspec x] 
0.3500000089   0.450000003   0.5449999869   0.6299999952   0.7050000131   0.7650000155   0.8250000179   0.8900000155   0.9500000179   1.019999981   1.094999969   1.170000017   1.25   1.329999983   1.420000017   1.50999999   1.599999964   1.704999983   1.844999969   2.014999926   2.219999909   2.469999909   2.779999971   3.210000038   3.795000076   4.820000172   6.135000229   
XSPEC12> set xDataEnergyErr [tcloutr plot eeufspec xerr] 
0.04999999702   0.04999999702   0.04499998689   0.04000002146   0.03499999642   0.02500000596   0.03499999642   0.03000000119   0.03000000119   0.03999996185   0.03500002623   0.04000002146   0.03999996185   0.04000002146   0.05000001192   0.03999996185   0.05000001192   0.05500000715   0.08499997854   0.08499997854   0.1200000048   0.1299999952   0.1800000668   0.25   0.3350000381   0.6900000572   0.625   
XSPEC12> set yDataEFlux [tcloutr plot eeufspec y] 
0.002932059389   0.008414055323   0.01327855523   0.01764581064   0.01856860283   0.02147128615   0.01944247838   0.02130919799   0.01981222977   0.02054069454   0.02052455541   0.02316420505   0.0242709986   0.02125214948   0.02234506642   0.02466691302   0.02281500448   0.02596388575   0.02155186745   0.02557265277   0.02369187992   0.02764720378   0.02423954564   0.02151327926   0.01981126604   0.01734167545   0.01672586825   
XSPEC12> set yDataEFluxErr [tcloutr plot eeufspec yerr] 
0.0003723749521   0.0007323649344   0.001168921584   0.001501280608   0.001611422013   0.00203019832   0.001668553589   0.001863209878   0.001848581813   0.001624998787   0.001787915122   0.00183854525   0.001957396518   0.001894756811   0.001844484136   0.002332737409   0.002127510138   0.002391712124   0.002002637686   0.002429212781   0.002260454382   0.002823938691   0.00243810615   0.00217383499   0.002066556776   0.001799624007   0.003296544031   
XSPEC12> set modelDataEFlux [tcloutr plot eeufspec model] 
0.002483089876   0.00887033858   0.0128918067   0.01490460707   0.01709445897   0.0185046836   0.01985216264   0.02013243192   0.02084180243   0.02155228897   0.02209328718   0.02245609272   0.02270155673   0.02271504445   0.02273467022   0.02273208075   0.02266267648   0.0225443057   0.0222997185   0.02196964593   0.0216014347   0.02112224108   0.02055774631   0.01986094892   0.01902881887   0.01789229352   0.01668955783   
XSPEC12> set datatable [open ../default_output/00032646038/USERPROD_224850/spec/powlaw_tbabs/spec_binned.dat w+]
file8
XSPEC12> set len [llength $xDataEnergy]
27
XSPEC12> for {set idx 0} {$idx < $len} {incr idx} {puts $datatable "[lindex $xDataEnergy $idx] [lindex $xDataEnergyErr $idx] [lindex $yDataEFlux $idx] [lindex $yDataEFluxErr $idx] [lindex $modelDataEFlux $idx]" } 
XSPEC12> close $datatable
XSPEC12>
XSPEC12> model clear
XSPEC12> cpd none
XSPEC12> quit
 XSPEC: quit
 %PGPLOT, PGPAGE: no graphics device has been selected
 %PGPLOT, PGPAGE: no graphics device has been selected
 %PGPLOT, PGPAGE: no graphics device has been selected
